Build started 04 Mar 2021 12:34:39.
     1>Project "D:\ss\pgina\Plugins\Kerberos\authdll\authdll.vcxproj" on node 2 (build target(s)).
     1>InitializeBuildStatus:
         Touching "D:\ss\pgina\Plugins\Kerberos\authdll\Debug\Win32\authdll.unsuccessfulbuild".
       ClCompile:
         All outputs are up-to-date.
       ManifestResourceCompile:
         C:\Program Files (x86)\Microsoft SDKs\Windows\v7.0A\bin\rc.exe /nologo /fo"D:\ss\pgina\Plugins\Kerberos\authdll\Debug\Win32\authdll.dll.embed.manifest.res" D:\ss\pgina\Plugins\Kerberos\authdll\Debug\Win32\authdll_manifest.rc 
         
     1>D:\ss\pgina\Plugins\Kerberos\authdll\Debug\Win32\authdll_manifest.rc(1): error RC2135: file not found: C:\ss\pgina\Plugins\Kerberos\authdll\Debug\Win32\authdll.dll.embed.manifest
         
     1>Done Building Project "D:\ss\pgina\Plugins\Kerberos\authdll\authdll.vcxproj" (build target(s)) -- FAILED.

Build FAILED.

Time Elapsed 00:00:00.12
