  authfuncs.cpp
     Creating library D:\ss\pgina\Plugins\Kerberos\authdll\Debug\x64\authdll.lib and object D:\ss\pgina\Plugins\Kerberos\authdll\Debug\x64\authdll.exp
  authdll.vcxproj -> D:\ss\pgina\Plugins\Kerberos\authdll\Debug\x64\authdll.dll
     Creating library D:\ss\pgina\Plugins\Kerberos\authdll\Debug\x64\authdll.lib and object D:\ss\pgina\Plugins\Kerberos\authdll\Debug\x64\authdll.exp
  authdll.vcxproj -> D:\ss\pgina\Plugins\Kerberos\authdll\Debug\x64\authdll.dll
  
  Microsoft (R) Visual Studio Version 10.0.40219.1.
  Copyright (C) Microsoft Corp. All rights reserved.
  
  The evaluation period for Visual Studio Trial ends in 19 days.
  1>------ Build started: Project: authdll, Configuration: Debug Win32 ------
  1>  
D:\ss\pgina\Plugins\Kerberos\authdll\Debug\Win32\authdll_manifest.rc(1): error RC2135: file not found: C:\ss\pgina\Plugins\Kerberos\authdll\Debug\Win32\authdll.dll.embed.manifest
  1>  
  ========== Build: 0 succeeded, 1 failed, 0 up-to-date, 0 skipped ==========
  The system cannot find the file specified.
  Could Not Find D:\ss\pgina\Plugins\Kerberos\authdll\Debug\Win32\*.lib
C:\Program Files (x86)\MSBuild\Microsoft.Cpp\v4.0\Microsoft.CppCommon.targets(113,5): error MSB3073: The command "call "D:\ss\pgina\Plugins\Kerberos\authdll\build.cmd" devenv "D:\ss\pgina\Plugins\Kerberos\authdll\authdll.vcxproj" /Project authdll /Build "Debug|Win32"
C:\Program Files (x86)\MSBuild\Microsoft.Cpp\v4.0\Microsoft.CppCommon.targets(113,5): error MSB3073: :VCEnd" exited with code 1.
